Started GET "/" for ::1 at 2022-10-28 10:43:57 -0400
  [1m[35m (1.5ms)[0m  [1m[35mCREATE TABLE "schema_migrations" ("version" varchar NOT NULL PRIMARY KEY)[0m
  [1m[35m (1.5ms)[0m  [1m[35mCREATE TABLE "ar_internal_metadata" ("key" varchar NOT NULL PRIMARY KEY, "value" varchar, "created_at" datetime(6) NOT NULL, "updated_at" datetime(6) NOT NULL)[0m
  [1m[36mActiveRecord::SchemaMigration Pluck (0.2ms)[0m  [1m[34mSELECT "schema_migrations"."version" FROM "schema_migrations" ORDER BY "schema_migrations"."version" ASC[0m
  
ActiveRecord::PendingMigrationError (

Migrations are pending. To resolve this issue, run:

        bin/rails db:migrate RAILS_ENV=development

You have 2 pending migrations:

20221028143818_devise_create_users.rb
20221028144302_create_tasks.rb


):
  
activerecord (7.0.4) lib/active_record/migration.rb:627:in `check_pending!'
activerecord (7.0.4) lib/active_record/migration.rb:592:in `block (2 levels) in call'
activesupport (7.0.4) lib/active_support/file_update_checker.rb:83:in `execute'
activerecord (7.0.4) lib/active_record/migration.rb:597:in `block in call'
activerecord (7.0.4) lib/active_record/migration.rb:589:in `synchronize'
activerecord (7.0.4) lib/active_record/migration.rb:589:in `call'
actionpack (7.0.4) lib/action_dispatch/middleware/callbacks.rb:27:in `block in call'
activesupport (7.0.4) lib/active_support/callbacks.rb:99:in `run_callbacks'
actionpack (7.0.4) lib/action_dispatch/middleware/callbacks.rb:26:in `call'
actionpack (7.0.4) lib/action_dispatch/middleware/executor.rb:14:in `call'
actionpack (7.0.4) lib/action_dispatch/middleware/actionable_exceptions.rb:17:in `call'
actionpack (7.0.4) lib/action_dispatch/middleware/debug_exceptions.rb:28:in `call'
web-console (4.2.0) lib/web_console/middleware.rb:132:in `call_app'
web-console (4.2.0) lib/web_console/middleware.rb:28:in `block in call'
web-console (4.2.0) lib/web_console/middleware.rb:17:in `catch'
web-console (4.2.0) lib/web_console/middleware.rb:17:in `call'
actionpack (7.0.4) lib/action_dispatch/middleware/show_exceptions.rb:26:in `call'
railties (7.0.4) lib/rails/rack/logger.rb:40:in `call_app'
railties (7.0.4) lib/rails/rack/logger.rb:25:in `block in call'
activesupport (7.0.4) lib/active_support/tagged_logging.rb:99:in `block in tagged'
activesupport (7.0.4) lib/active_support/tagged_logging.rb:37:in `tagged'
activesupport (7.0.4) lib/active_support/tagged_logging.rb:99:in `tagged'
railties (7.0.4) lib/rails/rack/logger.rb:25:in `call'
sprockets-rails (3.4.2) lib/sprockets/rails/quiet_assets.rb:13:in `call'
actionpack (7.0.4) lib/action_dispatch/middleware/remote_ip.rb:93:in `call'
actionpack (7.0.4) lib/action_dispatch/middleware/request_id.rb:26:in `call'
rack (2.2.4) lib/rack/method_override.rb:24:in `call'
rack (2.2.4) lib/rack/runtime.rb:22:in `call'
activesupport (7.0.4) lib/active_support/cache/strategy/local_cache_middleware.rb:29:in `call'
actionpack (7.0.4) lib/action_dispatch/middleware/server_timing.rb:61:in `block in call'
actionpack (7.0.4) lib/action_dispatch/middleware/server_timing.rb:26:in `collect_events'
actionpack (7.0.4) lib/action_dispatch/middleware/server_timing.rb:60:in `call'
actionpack (7.0.4) lib/action_dispatch/middleware/executor.rb:14:in `call'
actionpack (7.0.4) lib/action_dispatch/middleware/static.rb:23:in `call'
rack (2.2.4) lib/rack/sendfile.rb:110:in `call'
actionpack (7.0.4) lib/action_dispatch/middleware/host_authorization.rb:137:in `call'
railties (7.0.4) lib/rails/engine.rb:530:in `call'
puma (5.6.5) lib/puma/configuration.rb:252:in `call'
puma (5.6.5) lib/puma/request.rb:77:in `block in handle_request'
puma (5.6.5) lib/puma/thread_pool.rb:340:in `with_force_shutdown'
puma (5.6.5) lib/puma/request.rb:76:in `handle_request'
puma (5.6.5) lib/puma/server.rb:443:in `process_client'
puma (5.6.5) lib/puma/thread_pool.rb:147:in `block in spawn_thread'
Started GET "/" for ::1 at 2022-10-28 10:46:22 -0400
  [1m[36mActiveRecord::SchemaMigration Pluck (0.5ms)[0m  [1m[34mSELECT "schema_migrations"."version" FROM "schema_migrations" ORDER BY "schema_migrations"."version" ASC[0m
  [1m[36mCACHE ActiveRecord::SchemaMigration Pluck (0.0ms)[0m  [1m[34mSELECT "schema_migrations"."version" FROM "schema_migrations" ORDER BY "schema_migrations"."version" ASC[0m
  
ActiveRecord::PendingMigrationError (

Migrations are pending. To resolve this issue, run:

        bin/rails db:migrate RAILS_ENV=development

You have 2 pending migrations:

20221028143818_devise_create_users.rb
20221028144302_create_tasks.rb


):
  
activerecord (7.0.4) lib/active_record/migration.rb:627:in `check_pending!'
activerecord (7.0.4) lib/active_record/migration.rb:592:in `block (2 levels) in call'
activesupport (7.0.4) lib/active_support/file_update_checker.rb:83:in `execute'
activerecord (7.0.4) lib/active_record/migration.rb:597:in `block in call'
activerecord (7.0.4) lib/active_record/migration.rb:589:in `synchronize'
activerecord (7.0.4) lib/active_record/migration.rb:589:in `call'
actionpack (7.0.4) lib/action_dispatch/middleware/callbacks.rb:27:in `block in call'
activesupport (7.0.4) lib/active_support/callbacks.rb:99:in `run_callbacks'
actionpack (7.0.4) lib/action_dispatch/middleware/callbacks.rb:26:in `call'
actionpack (7.0.4) lib/action_dispatch/middleware/executor.rb:14:in `call'
actionpack (7.0.4) lib/action_dispatch/middleware/actionable_exceptions.rb:17:in `call'
actionpack (7.0.4) lib/action_dispatch/middleware/debug_exceptions.rb:28:in `call'
web-console (4.2.0) lib/web_console/middleware.rb:132:in `call_app'
web-console (4.2.0) lib/web_console/middleware.rb:28:in `block in call'
web-console (4.2.0) lib/web_console/middleware.rb:17:in `catch'
web-console (4.2.0) lib/web_console/middleware.rb:17:in `call'
actionpack (7.0.4) lib/action_dispatch/middleware/show_exceptions.rb:26:in `call'
railties (7.0.4) lib/rails/rack/logger.rb:40:in `call_app'
railties (7.0.4) lib/rails/rack/logger.rb:25:in `block in call'
activesupport (7.0.4) lib/active_support/tagged_logging.rb:99:in `block in tagged'
activesupport (7.0.4) lib/active_support/tagged_logging.rb:37:in `tagged'
activesupport (7.0.4) lib/active_support/tagged_logging.rb:99:in `tagged'
railties (7.0.4) lib/rails/rack/logger.rb:25:in `call'
sprockets-rails (3.4.2) lib/sprockets/rails/quiet_assets.rb:13:in `call'
actionpack (7.0.4) lib/action_dispatch/middleware/remote_ip.rb:93:in `call'
actionpack (7.0.4) lib/action_dispatch/middleware/request_id.rb:26:in `call'
rack (2.2.4) lib/rack/method_override.rb:24:in `call'
rack (2.2.4) lib/rack/runtime.rb:22:in `call'
activesupport (7.0.4) lib/active_support/cache/strategy/local_cache_middleware.rb:29:in `call'
actionpack (7.0.4) lib/action_dispatch/middleware/server_timing.rb:61:in `block in call'
actionpack (7.0.4) lib/action_dispatch/middleware/server_timing.rb:26:in `collect_events'
actionpack (7.0.4) lib/action_dispatch/middleware/server_timing.rb:60:in `call'
actionpack (7.0.4) lib/action_dispatch/middleware/executor.rb:14:in `call'
actionpack (7.0.4) lib/action_dispatch/middleware/static.rb:23:in `call'
rack (2.2.4) lib/rack/sendfile.rb:110:in `call'
actionpack (7.0.4) lib/action_dispatch/middleware/host_authorization.rb:137:in `call'
railties (7.0.4) lib/rails/engine.rb:530:in `call'
puma (5.6.5) lib/puma/configuration.rb:252:in `call'
puma (5.6.5) lib/puma/request.rb:77:in `block in handle_request'
puma (5.6.5) lib/puma/thread_pool.rb:340:in `with_force_shutdown'
puma (5.6.5) lib/puma/request.rb:76:in `handle_request'
puma (5.6.5) lib/puma/server.rb:443:in `process_client'
puma (5.6.5) lib/puma/thread_pool.rb:147:in `block in spawn_thread'
  [1m[36mActiveRecord::SchemaMigration Pluck (0.1ms)[0m  [1m[34mSELECT "schema_migrations"."version" FROM "schema_migrations" ORDER BY "schema_migrations"."version" ASC[0m
Migrating to DeviseCreateUsers (20221028143818)
  [1m[36mTRANSACTION (0.0ms)[0m  [1m[36mbegin transaction[0m
  [1m[35m (0.9ms)[0m  [1m[35mCREATE TABLE "users" ("id" integer PRIMARY KEY AUTOINCREMENT NOT NULL, "email" varchar DEFAULT '' NOT NULL, "encrypted_password" varchar DEFAULT '' NOT NULL, "reset_password_token" varchar, "reset_password_sent_at" datetime(6), "remember_created_at" datetime(6), "created_at" datetime(6) NOT NULL, "updated_at" datetime(6) NOT NULL)[0m
  [1m[35m (0.6ms)[0m  [1m[35mCREATE UNIQUE INDEX "index_users_on_email" ON "users" ("email")[0m
  [1m[35m (0.1ms)[0m  [1m[35mCREATE UNIQUE INDEX "index_users_on_reset_password_token" ON "users" ("reset_password_token")[0m
  [1m[36mActiveRecord::SchemaMigration Create (0.7ms)[0m  [1m[32mINSERT INTO "schema_migrations" ("version") VALUES (?)[0m  [["version", "20221028143818"]]
  [1m[36mTRANSACTION (0.9ms)[0m  [1m[36mcommit transaction[0m
Migrating to CreateTasks (20221028144302)
  [1m[36mTRANSACTION (0.0ms)[0m  [1m[36mbegin transaction[0m
  [1m[35m (0.3ms)[0m  [1m[35mCREATE TABLE "tasks" ("id" integer PRIMARY KEY AUTOINCREMENT NOT NULL, "title" varchar, "body" text, "completed" boolean, "user_id" integer NOT NULL, "created_at" datetime(6) NOT NULL, "updated_at" datetime(6) NOT NULL, CONSTRAINT "fk_rails_4d2a9e4d7e"
FOREIGN KEY ("user_id")
  REFERENCES "users" ("id")
)[0m
  [1m[35m (0.1ms)[0m  [1m[35mCREATE INDEX "index_tasks_on_user_id" ON "tasks" ("user_id")[0m
  [1m[36mActiveRecord::SchemaMigration Create (0.1ms)[0m  [1m[32mINSERT INTO "schema_migrations" ("version") VALUES (?)[0m  [["version", "20221028144302"]]
  [1m[36mTRANSACTION (0.9ms)[0m  [1m[36mcommit transaction[0m
  [1m[36mActiveRecord::InternalMetadata Load (0.6ms)[0m  [1m[34mSELECT "ar_internal_metadata".* FROM "ar_internal_metadata" WHERE "ar_internal_metadata"."key" = ? LIMIT ?[0m  [["key", "environment"], ["LIMIT", 1]]
  [1m[36mTRANSACTION (0.0ms)[0m  [1m[36mbegin transaction[0m
  [1m[36mActiveRecord::InternalMetadata Create (0.6ms)[0m  [1m[32mINSERT INTO "ar_internal_metadata" ("key", "value", "created_at", "updated_at") VALUES (?, ?, ?, ?)[0m  [["key", "environment"], ["value", "development"], ["created_at", "2022-10-28 14:46:57.823253"], ["updated_at", "2022-10-28 14:46:57.823253"]]
  [1m[36mTRANSACTION (0.6ms)[0m  [1m[36mcommit transaction[0m
  [1m[36mActiveRecord::SchemaMigration Pluck (0.1ms)[0m  [1m[34mSELECT "schema_migrations"."version" FROM "schema_migrations" ORDER BY "schema_migrations"."version" ASC[0m
Started GET "/" for ::1 at 2022-10-28 11:03:12 -0400
  [1m[36mActiveRecord::SchemaMigration Pluck (0.1ms)[0m  [1m[34mSELECT "schema_migrations"."version" FROM "schema_migrations" ORDER BY "schema_migrations"."version" ASC[0m
Processing by TasksController#index as HTML
Completed 401 Unauthorized in 19ms (ActiveRecord: 0.0ms | Allocations: 3303)


Started GET "/users/sign_in" for ::1 at 2022-10-28 11:03:12 -0400
Processing by Devise::SessionsController#new as HTML
  Rendering layout layouts/application.html.erb
  Rendering devise/sessions/new.html.erb within layouts/application
  Rendered devise/shared/_links.html.erb (Duration: 1.6ms | Allocations: 736)
  Rendered devise/sessions/new.html.erb within layouts/application (Duration: 92.2ms | Allocations: 34228)
  Rendered layout layouts/application.html.erb (Duration: 362.3ms | Allocations: 125027)
Completed 200 OK in 381ms (Views: 369.6ms | ActiveRecord: 0.6ms | Allocations: 133761)


Started GET "/users/sign_in" for ::1 at 2022-10-28 11:33:08 -0400
Processing by Devise::SessionsController#new as HTML
  Rendering layout layouts/application.html.erb
  Rendering devise/sessions/new.html.erb within layouts/application
  Rendered devise/shared/_links.html.erb (Duration: 1.0ms | Allocations: 543)
  Rendered devise/sessions/new.html.erb within layouts/application (Duration: 24.4ms | Allocations: 21188)
  Rendered layout layouts/application.html.erb (Duration: 27.9ms | Allocations: 23910)
Completed 200 OK in 50ms (Views: 46.4ms | Allocations: 25278)


Started GET "/users/sign_up" for ::1 at 2022-10-28 11:55:22 -0400
Processing by Devise::RegistrationsController#new as HTML
  Rendering layout layouts/application.html.erb
  Rendering devise/registrations/new.html.erb within layouts/application
  Rendered devise/shared/_links.html.erb (Duration: 0.4ms | Allocations: 170)
  Rendered devise/registrations/new.html.erb within layouts/application (Duration: 16.9ms | Allocations: 15408)
  Rendered layout layouts/application.html.erb (Duration: 21.0ms | Allocations: 17900)
Completed 200 OK in 24ms (Views: 22.9ms | Allocations: 19141)


Started GET "/users/sign_in" for ::1 at 2022-10-28 11:55:31 -0400
Processing by Devise::SessionsController#new as HTML
  Rendering layout layouts/application.html.erb
  Rendering devise/sessions/new.html.erb within layouts/application
  Rendered devise/shared/_links.html.erb (Duration: 0.3ms | Allocations: 131)
  Rendered devise/sessions/new.html.erb within layouts/application (Duration: 25.3ms | Allocations: 20203)
  Rendered layout layouts/application.html.erb (Duration: 29.3ms | Allocations: 22526)
Completed 200 OK in 31ms (Views: 29.8ms | Allocations: 23216)


Started GET "/users/password/new" for ::1 at 2022-10-28 11:56:42 -0400
Processing by Devise::PasswordsController#new as HTML
  Rendering layout layouts/application.html.erb
  Rendering devise/passwords/new.html.erb within layouts/application
  Rendered devise/shared/_links.html.erb (Duration: 0.4ms | Allocations: 153)
  Rendered devise/passwords/new.html.erb within layouts/application (Duration: 11.4ms | Allocations: 7816)
  Rendered layout layouts/application.html.erb (Duration: 16.1ms | Allocations: 10307)
Completed 200 OK in 19ms (Views: 18.3ms | Allocations: 11493)


Started POST "/users/password" for ::1 at 2022-10-28 11:57:05 -0400
Processing by Devise::PasswordsController#create as HTML
  Parameters: {"authenticity_token"=>"[FILTERED]", "user"=>{"email"=>"scott.bearden@gmail.com"}, "commit"=>"Send me reset password instructions"}
  [1m[36mUser Load (0.6ms)[0m  [1m[34mSELECT "users".* FROM "users" WHERE "users"."email" = ? ORDER BY "users"."id" ASC LIMIT ?[0m  [["email", "scott.bearden@gmail.com"], ["LIMIT", 1]]
  Rendering layout layouts/application.html.erb
  Rendering devise/passwords/new.html.erb within layouts/application
  Rendered devise/shared/_links.html.erb (Duration: 0.3ms | Allocations: 131)
  Rendered devise/passwords/new.html.erb within layouts/application (Duration: 11.8ms | Allocations: 8849)
  Rendered layout layouts/application.html.erb (Duration: 14.8ms | Allocations: 11300)
Completed 200 OK in 33ms (Views: 15.5ms | ActiveRecord: 0.9ms | Allocations: 16547)


Started GET "/users/sign_up" for ::1 at 2022-10-28 11:57:12 -0400
Processing by Devise::RegistrationsController#new as HTML
  Rendering layout layouts/application.html.erb
  Rendering devise/registrations/new.html.erb within layouts/application
  Rendered devise/shared/_links.html.erb (Duration: 0.3ms | Allocations: 79)
  Rendered devise/registrations/new.html.erb within layouts/application (Duration: 14.6ms | Allocations: 14333)
  Rendered layout layouts/application.html.erb (Duration: 17.6ms | Allocations: 16692)
Completed 200 OK in 19ms (Views: 18.1ms | ActiveRecord: 0.0ms | Allocations: 17302)


Started POST "/users" for ::1 at 2022-10-28 11:58:14 -0400
Processing by Devise::RegistrationsController#create as HTML
  Parameters: {"authenticity_token"=>"[FILTERED]", "user"=>{"email"=>"scott.bearden@gmail.com", "password"=>"[FILTERED]", "password_confirmation"=>"[FILTERED]"}, "commit"=>"Sign up"}
  [1m[36mTRANSACTION (0.1ms)[0m  [1m[36mbegin transaction[0m
  [1m[36mUser Exists? (0.1ms)[0m  [1m[34mSELECT 1 AS one FROM "users" WHERE "users"."email" = ? LIMIT ?[0m  [["email", "scott.bearden@gmail.com"], ["LIMIT", 1]]
  [1m[36mUser Create (7.2ms)[0m  [1m[32mINSERT INTO "users" ("email", "encrypted_password", "reset_password_token", "reset_password_sent_at", "remember_created_at", "created_at", "updated_at") VALUES (?, ?, ?, ?, ?, ?, ?)[0m  [["email", "scott.bearden@gmail.com"], ["encrypted_password", "[FILTERED]"], ["reset_password_token", "[FILTERED]"], ["reset_password_sent_at", "[FILTERED]"], ["remember_created_at", nil], ["created_at", "2022-10-28 15:58:15.246987"], ["updated_at", "2022-10-28 15:58:15.246987"]]
  [1m[36mTRANSACTION (1.4ms)[0m  [1m[36mcommit transaction[0m
Redirected to http://localhost:3000/
Completed 302 Found in 491ms (ActiveRecord: 8.8ms | Allocations: 13331)


Started GET "/" for ::1 at 2022-10-28 11:58:15 -0400
Processing by TasksController#index as HTML
  [1m[36mUser Load (0.2ms)[0m  [1m[34mSELECT "users".* FROM "users" WHERE "users"."id" = ? ORDER BY "users"."id" ASC LIMIT ?[0m  [["id", 1], ["LIMIT", 1]]
  Rendering layout layouts/application.html.erb
  Rendering tasks/index.html.erb within layouts/application
  [1m[36mTask Load (0.4ms)[0m  [1m[34mSELECT "tasks".* FROM "tasks" WHERE "tasks"."user_id" = ?[0m  [["user_id", 1]]
  ↳ app/views/tasks/index.html.erb:6
  Rendered tasks/index.html.erb within layouts/application (Duration: 9.1ms | Allocations: 3358)
  Rendered layout layouts/application.html.erb (Duration: 12.5ms | Allocations: 5881)
Completed 200 OK in 40ms (Views: 13.5ms | ActiveRecord: 0.9ms | Allocations: 12573)


Started GET "/tasks/new" for ::1 at 2022-10-28 11:58:41 -0400
Processing by TasksController#new as HTML
  [1m[36mUser Load (0.1ms)[0m  [1m[34mSELECT "users".* FROM "users" WHERE "users"."id" = ? ORDER BY "users"."id" ASC LIMIT ?[0m  [["id", 1], ["LIMIT", 1]]
  Rendering layout layouts/application.html.erb
  Rendering tasks/new.html.erb within layouts/application
  Rendered tasks/_form.html.erb (Duration: 22.8ms | Allocations: 21448)
  Rendered tasks/new.html.erb within layouts/application (Duration: 24.1ms | Allocations: 21773)
  Rendered layout layouts/application.html.erb (Duration: 28.0ms | Allocations: 24205)
Completed 200 OK in 37ms (Views: 28.6ms | ActiveRecord: 0.4ms | Allocations: 29245)


Started POST "/tasks" for ::1 at 2022-10-28 11:59:12 -0400
Processing by TasksController#create as HTML
  Parameters: {"authenticity_token"=>"[FILTERED]", "task"=>{"title"=>"Finish this video", "body"=>"edit and upload", "completed"=>"0"}, "commit"=>"Create Task"}
  [1m[36mUser Load (0.1ms)[0m  [1m[34mSELECT "users".* FROM "users" WHERE "users"."id" = ? ORDER BY "users"."id" ASC LIMIT ?[0m  [["id", 1], ["LIMIT", 1]]
Completed 500 Internal Server Error in 8ms (ActiveRecord: 0.1ms | Allocations: 5419)


  
NameError (undefined local variable or method `task' for #<TasksController:0x0000000000cff8>

    task.user = current_user
    ^^^^
Did you mean?  @task):
  
app/controllers/tasks_controller.rb:26:in `create'
Started PUT "/__web_console/repl_sessions/f8712be398a0f3ab541199f5c2c37214" for ::1 at 2022-10-28 12:00:22 -0400
Started PUT "/__web_console/repl_sessions/f8712be398a0f3ab541199f5c2c37214" for ::1 at 2022-10-28 12:00:24 -0400
Started POST "/tasks" for ::1 at 2022-10-28 12:00:34 -0400
Processing by TasksController#create as HTML
  Parameters: {"authenticity_token"=>"[FILTERED]", "task"=>{"title"=>"Finish this video", "body"=>"edit and upload", "completed"=>"0"}, "commit"=>"Create Task"}
  [1m[36mUser Load (0.4ms)[0m  [1m[34mSELECT "users".* FROM "users" WHERE "users"."id" = ? ORDER BY "users"."id" ASC LIMIT ?[0m  [["id", 1], ["LIMIT", 1]]
Completed 500 Internal Server Error in 10ms (ActiveRecord: 0.4ms | Allocations: 5371)


  
NameError (undefined local variable or method `task' for #<TasksController:0x0000000000d3e0>

    task.user = current_user
    ^^^^
Did you mean?  @task):
  
app/controllers/tasks_controller.rb:26:in `create'
Started PUT "/__web_console/repl_sessions/eb82f646170d040ae6bfb7602640a071" for ::1 at 2022-10-28 12:02:12 -0400
Started PUT "/__web_console/repl_sessions/eb82f646170d040ae6bfb7602640a071" for ::1 at 2022-10-28 12:02:15 -0400
Started POST "/tasks" for ::1 at 2022-10-28 12:02:23 -0400
Processing by TasksController#create as HTML
  Parameters: {"authenticity_token"=>"[FILTERED]", "task"=>{"title"=>"Finish this video", "body"=>"edit and upload", "completed"=>"0"}, "commit"=>"Create Task"}
  [1m[36mUser Load (0.2ms)[0m  [1m[34mSELECT "users".* FROM "users" WHERE "users"."id" = ? ORDER BY "users"."id" ASC LIMIT ?[0m  [["id", 1], ["LIMIT", 1]]
Completed 500 Internal Server Error in 11ms (ActiveRecord: 0.2ms | Allocations: 5110)


  
NameError (undefined local variable or method `task' for #<TasksController:0x0000000000d728>

    task.user = current_user
    ^^^^
Did you mean?  @task):
  
app/controllers/tasks_controller.rb:26:in `create'
Started PUT "/__web_console/repl_sessions/0555cc99339cd5765bee8980aff43a12" for ::1 at 2022-10-28 12:02:49 -0400
Started PUT "/__web_console/repl_sessions/0555cc99339cd5765bee8980aff43a12" for ::1 at 2022-10-28 12:02:51 -0400
Started POST "/tasks" for ::1 at 2022-10-28 12:04:52 -0400
Processing by TasksController#create as HTML
  Parameters: {"authenticity_token"=>"[FILTERED]", "task"=>{"title"=>"Finish this video", "body"=>"edit and upload", "completed"=>"0"}, "commit"=>"Create Task"}
  [1m[36mUser Load (0.1ms)[0m  [1m[34mSELECT "users".* FROM "users" WHERE "users"."id" = ? ORDER BY "users"."id" ASC LIMIT ?[0m  [["id", 1], ["LIMIT", 1]]
  [1m[36mTRANSACTION (0.1ms)[0m  [1m[36mbegin transaction[0m
  ↳ app/controllers/tasks_controller.rb:28:in `block in create'
  [1m[36mTask Create (1.7ms)[0m  [1m[32mINSERT INTO "tasks" ("title", "body", "completed", "user_id", "created_at", "updated_at") VALUES (?, ?, ?, ?, ?, ?)[0m  [["title", "Finish this video"], ["body", "edit and upload"], ["completed", 0], ["user_id", 1], ["created_at", "2022-10-28 16:04:52.381671"], ["updated_at", "2022-10-28 16:04:52.381671"]]
  ↳ app/controllers/tasks_controller.rb:28:in `block in create'
  [1m[36mTRANSACTION (1.2ms)[0m  [1m[36mcommit transaction[0m
  ↳ app/controllers/tasks_controller.rb:28:in `block in create'
Redirected to http://localhost:3000/tasks/1
Completed 302 Found in 26ms (ActiveRecord: 4.2ms | Allocations: 11378)


Started GET "/tasks/1" for ::1 at 2022-10-28 12:04:54 -0400
Processing by TasksController#show as HTML
  Parameters: {"id"=>"1"}
  [1m[36mTask Load (0.8ms)[0m  [1m[34mSELECT "tasks".* FROM "tasks" WHERE "tasks"."id" = ? LIMIT ?[0m  [["id", 1], ["LIMIT", 1]]
  ↳ app/controllers/tasks_controller.rb:71:in `set_task'
  [1m[36mUser Load (0.2ms)[0m  [1m[34mSELECT "users".* FROM "users" WHERE "users"."id" = ? ORDER BY "users"."id" ASC LIMIT ?[0m  [["id", 1], ["LIMIT", 1]]
  Rendering layout layouts/application.html.erb
  Rendering tasks/show.html.erb within layouts/application
  Rendered tasks/_task.html.erb (Duration: 7.9ms | Allocations: 7170)
  Rendered tasks/show.html.erb within layouts/application (Duration: 17.3ms | Allocations: 8211)
  Rendered layout layouts/application.html.erb (Duration: 21.8ms | Allocations: 10719)
Completed 200 OK in 33ms (Views: 23.2ms | ActiveRecord: 1.0ms | Allocations: 14019)


Started GET "/tasks" for ::1 at 2022-10-28 12:21:05 -0400
Processing by TasksController#index as HTML
  [1m[36mUser Load (0.1ms)[0m  [1m[34mSELECT "users".* FROM "users" WHERE "users"."id" = ? ORDER BY "users"."id" ASC LIMIT ?[0m  [["id", 1], ["LIMIT", 1]]
  Rendering layout layouts/application.html.erb
  Rendering tasks/index.html.erb within layouts/application
  [1m[36mTask Load (0.2ms)[0m  [1m[34mSELECT "tasks".* FROM "tasks" WHERE "tasks"."user_id" = ?[0m  [["user_id", 1]]
  ↳ app/views/tasks/index.html.erb:5
  Rendered tasks/_task.html.erb (Duration: 6.2ms | Allocations: 7017)
  Rendered tasks/index.html.erb within layouts/application (Duration: 9.1ms | Allocations: 9169)
  Rendered layout layouts/application.html.erb (Duration: 12.7ms | Allocations: 11882)
Completed 200 OK in 19ms (Views: 14.2ms | ActiveRecord: 0.6ms | Allocations: 14898)


Started GET "/tasks/1" for ::1 at 2022-10-28 12:21:07 -0400
Processing by TasksController#show as HTML
  Parameters: {"id"=>"1"}
  [1m[36mTask Load (0.3ms)[0m  [1m[34mSELECT "tasks".* FROM "tasks" WHERE "tasks"."id" = ? LIMIT ?[0m  [["id", 1], ["LIMIT", 1]]
  ↳ app/controllers/tasks_controller.rb:71:in `set_task'
  [1m[36mUser Load (0.1ms)[0m  [1m[34mSELECT "users".* FROM "users" WHERE "users"."id" = ? ORDER BY "users"."id" ASC LIMIT ?[0m  [["id", 1], ["LIMIT", 1]]
  Rendering layout layouts/application.html.erb
  Rendering tasks/show.html.erb within layouts/application
  Rendered tasks/_task.html.erb (Duration: 6.6ms | Allocations: 6731)
  Rendered tasks/show.html.erb within layouts/application (Duration: 8.2ms | Allocations: 7292)
  Rendered layout layouts/application.html.erb (Duration: 12.2ms | Allocations: 9614)
Completed 200 OK in 17ms (Views: 12.8ms | ActiveRecord: 0.4ms | Allocations: 11828)


Started GET "/tasks/1" for ::1 at 2022-10-28 12:24:05 -0400
Processing by TasksController#show as HTML
  Parameters: {"id"=>"1"}
  [1m[36mTask Load (0.2ms)[0m  [1m[34mSELECT "tasks".* FROM "tasks" WHERE "tasks"."id" = ? LIMIT ?[0m  [["id", 1], ["LIMIT", 1]]
  ↳ app/controllers/tasks_controller.rb:71:in `set_task'
  [1m[36mUser Load (0.1ms)[0m  [1m[34mSELECT "users".* FROM "users" WHERE "users"."id" = ? ORDER BY "users"."id" ASC LIMIT ?[0m  [["id", 1], ["LIMIT", 1]]
  Rendering layout layouts/application.html.erb
  Rendering tasks/show.html.erb within layouts/application
  Rendered tasks/_task.html.erb (Duration: 15.5ms | Allocations: 7228)
  Rendered tasks/show.html.erb within layouts/application (Duration: 17.3ms | Allocations: 7955)
  Rendered layout layouts/application.html.erb (Duration: 21.4ms | Allocations: 10677)
Completed 200 OK in 28ms (Views: 23.3ms | ActiveRecord: 0.3ms | Allocations: 13268)


Started GET "/tasks/1" for ::1 at 2022-10-28 12:26:34 -0400
Processing by TasksController#show as HTML
  Parameters: {"id"=>"1"}
  [1m[36mTask Load (0.1ms)[0m  [1m[34mSELECT "tasks".* FROM "tasks" WHERE "tasks"."id" = ? LIMIT ?[0m  [["id", 1], ["LIMIT", 1]]
  ↳ app/controllers/tasks_controller.rb:71:in `set_task'
  [1m[36mUser Load (0.1ms)[0m  [1m[34mSELECT "users".* FROM "users" WHERE "users"."id" = ? ORDER BY "users"."id" ASC LIMIT ?[0m  [["id", 1], ["LIMIT", 1]]
  Rendering layout layouts/application.html.erb
  Rendering tasks/show.html.erb within layouts/application
  Rendered tasks/_task.html.erb (Duration: 8.2ms | Allocations: 7423)
  Rendered tasks/show.html.erb within layouts/application (Duration: 10.2ms | Allocations: 8128)
  Rendered layout layouts/application.html.erb (Duration: 14.0ms | Allocations: 10818)
Completed 200 OK in 20ms (Views: 16.0ms | ActiveRecord: 0.2ms | Allocations: 13594)


Started PATCH "/tasks/1" for ::1 at 2022-10-28 12:26:47 -0400
Processing by TasksController#update as HTML
  Parameters: {"authenticity_token"=>"[FILTERED]", "task"=>{"completed"=>"0"}, "commit"=>"Update", "id"=>"1"}
  [1m[36mTask Load (0.1ms)[0m  [1m[34mSELECT "tasks".* FROM "tasks" WHERE "tasks"."id" = ? LIMIT ?[0m  [["id", 1], ["LIMIT", 1]]
  ↳ app/controllers/tasks_controller.rb:71:in `set_task'
  [1m[36mUser Load (0.1ms)[0m  [1m[34mSELECT "users".* FROM "users" WHERE "users"."id" = ? ORDER BY "users"."id" ASC LIMIT ?[0m  [["id", 1], ["LIMIT", 1]]
  [1m[36mTRANSACTION (0.1ms)[0m  [1m[36mbegin transaction[0m
  ↳ app/controllers/tasks_controller.rb:43:in `block in update'
  [1m[36mUser Load (0.1ms)[0m  [1m[34mSELECT "users".* FROM "users" WHERE "users"."id" = ? LIMIT ?[0m  [["id", 1], ["LIMIT", 1]]
  ↳ app/controllers/tasks_controller.rb:43:in `block in update'
  [1m[36mTRANSACTION (0.0ms)[0m  [1m[36mcommit transaction[0m
  ↳ app/controllers/tasks_controller.rb:43:in `block in update'
Redirected to http://localhost:3000/tasks/1
Completed 302 Found in 8ms (ActiveRecord: 0.4ms | Allocations: 5459)


Started GET "/tasks/1" for ::1 at 2022-10-28 12:26:47 -0400
Processing by TasksController#show as HTML
  Parameters: {"id"=>"1"}
  [1m[36mTask Load (0.1ms)[0m  [1m[34mSELECT "tasks".* FROM "tasks" WHERE "tasks"."id" = ? LIMIT ?[0m  [["id", 1], ["LIMIT", 1]]
  ↳ app/controllers/tasks_controller.rb:71:in `set_task'
  [1m[36mUser Load (0.1ms)[0m  [1m[34mSELECT "users".* FROM "users" WHERE "users"."id" = ? ORDER BY "users"."id" ASC LIMIT ?[0m  [["id", 1], ["LIMIT", 1]]
  Rendering layout layouts/application.html.erb
  Rendering tasks/show.html.erb within layouts/application
  Rendered tasks/_task.html.erb (Duration: 6.6ms | Allocations: 6968)
  Rendered tasks/show.html.erb within layouts/application (Duration: 7.2ms | Allocations: 7338)
  Rendered layout layouts/application.html.erb (Duration: 9.9ms | Allocations: 9688)
Completed 200 OK in 14ms (Views: 10.3ms | ActiveRecord: 0.2ms | Allocations: 11683)


Started PATCH "/tasks/1" for ::1 at 2022-10-28 12:27:03 -0400
Processing by TasksController#update as HTML
  Parameters: {"authenticity_token"=>"[FILTERED]", "task"=>{"completed"=>"1"}, "commit"=>"Update", "id"=>"1"}
  [1m[36mTask Load (0.1ms)[0m  [1m[34mSELECT "tasks".* FROM "tasks" WHERE "tasks"."id" = ? LIMIT ?[0m  [["id", 1], ["LIMIT", 1]]
  ↳ app/controllers/tasks_controller.rb:71:in `set_task'
  [1m[36mUser Load (0.1ms)[0m  [1m[34mSELECT "users".* FROM "users" WHERE "users"."id" = ? ORDER BY "users"."id" ASC LIMIT ?[0m  [["id", 1], ["LIMIT", 1]]
  [1m[36mTRANSACTION (0.0ms)[0m  [1m[36mbegin transaction[0m
  ↳ app/controllers/tasks_controller.rb:43:in `block in update'
  [1m[36mUser Load (0.1ms)[0m  [1m[34mSELECT "users".* FROM "users" WHERE "users"."id" = ? LIMIT ?[0m  [["id", 1], ["LIMIT", 1]]
  ↳ app/controllers/tasks_controller.rb:43:in `block in update'
  [1m[36mTask Update (0.3ms)[0m  [1m[33mUPDATE "tasks" SET "completed" = ?, "updated_at" = ? WHERE "tasks"."id" = ?[0m  [["completed", 1], ["updated_at", "2022-10-28 16:27:03.733521"], ["id", 1]]
  ↳ app/controllers/tasks_controller.rb:43:in `block in update'
  [1m[36mTRANSACTION (0.8ms)[0m  [1m[36mcommit transaction[0m
  ↳ app/controllers/tasks_controller.rb:43:in `block in update'
Redirected to http://localhost:3000/tasks/1
Completed 302 Found in 8ms (ActiveRecord: 1.3ms | Allocations: 4895)


Started GET "/tasks/1" for ::1 at 2022-10-28 12:27:03 -0400
Processing by TasksController#show as HTML
  Parameters: {"id"=>"1"}
  [1m[36mTask Load (0.2ms)[0m  [1m[34mSELECT "tasks".* FROM "tasks" WHERE "tasks"."id" = ? LIMIT ?[0m  [["id", 1], ["LIMIT", 1]]
  ↳ app/controllers/tasks_controller.rb:71:in `set_task'
  [1m[36mUser Load (0.1ms)[0m  [1m[34mSELECT "users".* FROM "users" WHERE "users"."id" = ? ORDER BY "users"."id" ASC LIMIT ?[0m  [["id", 1], ["LIMIT", 1]]
  Rendering layout layouts/application.html.erb
  Rendering tasks/show.html.erb within layouts/application
  Rendered tasks/_task.html.erb (Duration: 5.5ms | Allocations: 6973)
  Rendered tasks/show.html.erb within layouts/application (Duration: 6.0ms | Allocations: 7342)
  Rendered layout layouts/application.html.erb (Duration: 9.2ms | Allocations: 9663)
Completed 200 OK in 13ms (Views: 9.6ms | ActiveRecord: 0.3ms | Allocations: 11643)


